{"name": "test_home", "status": "failed", "statusDetails": {"message": "AssertionError: assert 'AOS-Rating Analyzer' == 'Ratings Analyzer'\n  - AOS-Rating Analyzer\n  ? ----\n  + Ratings Analyzer\n  ?       +", "trace": "self = <login_test.TestLogin object at 0x048CA610>\n\n    def test_home(self):\n        try:\n            driver = self.driver\n            driver.implicitly_wait(20)\n    \n            homepage = HomePage(driver)\n            homepage.click_ratingAnalyzerTab()\n            homepage.click_comscoreTab()\n            x = driver.title\n>           assert x == \"Ratings Analyzer\"\nE           AssertionError: assert 'AOS-Rating Analyzer' == 'Ratings Analyzer'\nE             - AOS-Rating Analyzer\nE             ? ----\nE             + Ratings Analyzer\nE             ?       +\n\ntests\\login_test.py:30: AssertionError"}, "attachments": [{"name": "stdout", "source": "e7770f2d-760d-4091-82c4-11932c0ce5a5-attachment.txt", "type": "text/plain"}], "start": 1573125922099, "stop": 1573125958882, "uuid": "70b11b46-d892-478e-a8aa-6214bba1c3d1", "historyId": "2f173fbf8a5b273aa938908348637341", "testCaseId": "b535295763dabd7ee7a8c4e35bf24805", "fullName": "tests.login_test.TestLogin#test_home", "labels": [{"name": "parentSuite", "value": "tests"}, {"name": "suite", "value": "login_test"}, {"name": "subSuite", "value": "TestLogin"}, {"name": "host", "value": "SMBLR-PC0DZSF3"}, {"name": "thread", "value": "38908-MainThread"}, {"name": "framework", "value": "pytest"}, {"name": "language", "value": "cpython3"}, {"name": "package", "value": "tests.login_test"}]}