{"name": "test_home", "status": "failed", "statusDetails": {"message": "AssertionError: assert 'AOS-Rating Analyzer' == 'Ratings Analyzer1'\n  - AOS-Rating Analyzer\n  ? ----\n  + Ratings Analyzer1\n  ?       +         +", "trace": "self = <login_test.TestLogin object at 0x05090650>\n\n    def test_home(self):\n        try:\n            driver = self.driver\n            driver.implicitly_wait(20)\n    \n            homepage = HomePage(driver)\n            homepage.click_ratingAnalyzerTab()\n            homepage.click_comscoreTab()\n            x = driver.title\n>           assert x == \"Ratings Analyzer1\"\nE           AssertionError: assert 'AOS-Rating Analyzer' == 'Ratings Analyzer1'\nE             - AOS-Rating Analyzer\nE             ? ----\nE             + Ratings Analyzer1\nE             ?       +         +\n\ntests\\login_test.py:30: AssertionError"}, "attachments": [{"name": "stdout", "source": "88404b06-f739-455c-baa9-81df0b894e9a-attachment.txt", "type": "text/plain"}], "start": 1573124178849, "stop": 1573124230676, "uuid": "d9c28380-e07f-467d-ac26-8d2f3f6316da", "historyId": "2f173fbf8a5b273aa938908348637341", "testCaseId": "b535295763dabd7ee7a8c4e35bf24805", "fullName": "tests.login_test.TestLogin#test_home", "labels": [{"name": "parentSuite", "value": "tests"}, {"name": "suite", "value": "login_test"}, {"name": "subSuite", "value": "TestLogin"}, {"name": "host", "value": "SMBLR-PC0DZSF3"}, {"name": "thread", "value": "16488-MainThread"}, {"name": "framework", "value": "pytest"}, {"name": "language", "value": "cpython3"}, {"name": "package", "value": "tests.login_test"}]}